*** Using Compiler 'V6.23', folder: 'B:\Keil_v5\ARM\ARMCLANG\Bin'
Rebuild target 'f103_led'
assembling startup_stm32f103xe.s...
compiling can.c...
compiling gpio.c...
compiling crc.c...
compiling stm32f1xx_hal_gpio_ex.c...
compiling i2c.c...
compiling usart.c...
compiling stm32f1xx_it.c...
compiling spi.c...
compiling stm32f1xx_hal_msp.c...
compiling main.c...
compiling stm32f1xx_hal.c...
compiling stm32f1xx_hal_can.c...
compiling stm32f1xx_hal_rcc_ex.c...
compiling stm32f1xx_hal_gpio.c...
compiling stm32f1xx_hal_rcc.c...
compiling stm32f1xx_hal_cortex.c...
compiling stm32f1xx_hal_pwr.c...
compiling stm32f1xx_hal_dma.c...
compiling stm32f1xx_hal_flash.c...
compiling stm32f1xx_hal_exti.c...
compiling stm32f1xx_hal_flash_ex.c...
compiling stm32f1xx_hal_crc.c...
compiling system_stm32f1xx.c...
compiling Int_can.c...
compiling Int_w24c02.c...
compiling Int_w25q128.c...
compiling app_update.c...
compiling stm32f1xx_hal_spi.c...
compiling stm32f1xx_hal_uart.c...
compiling stm32f1xx_hal_i2c.c...
linking...
Program Size: Code=10710 RO-data=378 RW-data=12 ZI-data=1332  
FromELF: creating hex file...
After Build - User command #1: B:\Keil_v5\ARM\ARMCLANG\bin\fromelf --bin -o "f103_led\f103_led.f103" "f103_led\f103_led.axf"
"f103_led\f103_led.axf" - 0 Error(s), 0 Warning(s).
Build Time Elapsed:  00:00:02
