*** Using Compiler 'V6.23', folder: 'D:\Keil_v5\ARM\ARMCLANG\Bin'
Rebuild target 'f103_led'
assembling startup_stm32f103xe.s...
compiling gpio.c...
compiling main.c...
compiling stm32f1xx_it.c...
compiling stm32f1xx_hal_msp.c...
compiling stm32f1xx_hal_gpio_ex.c...
compiling stm32f1xx_hal.c...
compiling stm32f1xx_hal_rcc.c...
compiling stm32f1xx_hal_rcc_ex.c...
compiling stm32f1xx_hal_gpio.c...
compiling stm32f1xx_hal_cortex.c...
compiling stm32f1xx_hal_dma.c...
compiling stm32f1xx_hal_pwr.c...
compiling stm32f1xx_hal_flash.c...
compiling stm32f1xx_hal_flash_ex.c...
compiling stm32f1xx_hal_exti.c...
compiling system_stm32f1xx.c...
linking...
Program Size: Code=4896 RO-data=372 RW-data=12 ZI-data=1036  
FromELF: creating hex file...
After Build - User command #1: D:\Keil_v5\ARM\ARMCLANG\bin\fromelf --bin -o "f103_led\f103_led.f103" "f103_led\f103_led.axf"
"f103_led\f103_led.axf" - 0 Error(s), 0 Warning(s).
Build Time Elapsed:  00:00:04
