*** Using Compiler 'V6.23', folder: 'B:\Keil_v5\ARM\ARMCLANG\Bin'
Rebuild target 'bootloader'
assembling startup_stm32f103xe.s...
compiling usart.c...
compiling stm32f1xx_hal_gpio_ex.c...
compiling spi.c...
compiling stm32f1xx_hal_msp.c...
compiling stm32f1xx_it.c...
compiling gpio.c...
compiling i2c.c...
compiling stm32f1xx_hal.c...
compiling main.c...
compiling stm32f1xx_hal_rcc.c...
compiling stm32f1xx_hal_rcc_ex.c...
compiling stm32f1xx_hal_cortex.c...
compiling stm32f1xx_hal_gpio.c...
compiling stm32f1xx_hal_pwr.c...
compiling stm32f1xx_hal_exti.c...
compiling stm32f1xx_hal_flash.c...
compiling stm32f1xx_hal_flash_ex.c...
compiling stm32f1xx_hal_dma.c...
compiling stm32f1xx_hal_i2c.c...
compiling Int_w24c02.c...
compiling Int_bootloader.c...
compiling stm32f1xx_hal_spi.c...
compiling system_stm32f1xx.c...
compiling stm32f1xx_hal_uart.c...
compiling Int_w25q128.c...
compiling App_bootloader.c...
linking...
Program Size: Code=14456 RO-data=504 RW-data=16 ZI-data=3384  
FromELF: creating hex file...
"bootloader_hal\bootloader_hal.axf" - 0 Error(s), 0 Warning(s).
Build Time Elapsed:  00:00:02
