*** Using Compiler 'V5.06 update 7 (build 960)', folder: 'B:\Keil_v5\ARM\ARMCC\Bin'
Rebuild target 'f103_can_send'
assembling startup_stm32f103xb.s...
compiling can.c...
compiling usart.c...
compiling gpio.c...
compiling main.c...
compiling stm32f1xx_hal_msp.c...
compiling stm32f1xx_it.c...
compiling stm32f1xx_hal_rcc_ex.c...
compiling stm32f1xx_hal_gpio_ex.c...
compiling stm32f1xx_hal.c...
compiling stm32f1xx_hal_rcc.c...
compiling stm32f1xx_hal_can.c...
compiling stm32f1xx_hal_gpio.c...
compiling stm32f1xx_hal_cortex.c...
compiling stm32f1xx_hal_flash.c...
compiling stm32f1xx_hal_flash_ex.c...
compiling stm32f1xx_hal_exti.c...
compiling stm32f1xx_hal_pwr.c...
compiling system_stm32f1xx.c...
compiling Int_can.c...
compiling stm32f1xx_hal_dma.c...
compiling stm32f1xx_hal_uart.c...
linking...
Program Size: Code=7216 RO-data=312 RW-data=20 ZI-data=1140  
FromELF: creating hex file...
"f103_can_send\f103_can_send.axf" - 0 Error(s), 0 Warning(s).
Build Time Elapsed:  00:00:04
