*** Using Compiler 'V5.06 update 7 (build 960)', folder: 'B:\Keil_v5\ARM\ARMCC\Bin'
Rebuild target 'app_led'
assembling startup_stm32f103xe.s...
compiling main.c...
compiling stm32f1xx_it.c...
compiling stm32f1xx_hal_msp.c...
compiling stm32f1xx_hal_gpio_ex.c...
compiling stm32f1xx_hal_rcc_ex.c...
compiling stm32f1xx_hal.c...
compiling gpio.c...
compiling stm32f1xx_hal_cortex.c...
compiling stm32f1xx_hal_gpio.c...
compiling stm32f1xx_hal_rcc.c...
compiling stm32f1xx_hal_dma.c...
compiling stm32f1xx_hal_pwr.c...
compiling system_stm32f1xx.c...
compiling stm32f1xx_hal_exti.c...
compiling stm32f1xx_hal_flash.c...
compiling stm32f1xx_hal_flash_ex.c...
linking...
Program Size: Code=2524 RO-data=372 RW-data=16 ZI-data=1024  
FromELF: creating hex file...
After Build - User command #1: B:\Keil_v5\ARM\ARMCLANG\bin\fromelf --bin -o "app_led\app_led.f103" "app_led\app_led.axf"
"app_led\app_led.axf" - 0 Error(s), 0 Warning(s).
Build Time Elapsed:  00:00:03
